{
   "continue":{
      "plcontinue":"23033|0|Denis_of_Portugal",
      "continue":"||"
   },
   "query":{
      "pages":{
         "23033":{
            "pageid":23033,
            "ns":0,
            "title":"Portugal",
            "links":[
               {
                  "ns":0,
                  "title":".pt"
               },
               {
                  "ns":0,
                  "title":"10th CPLP Summit"
               },
               {
                  "ns":0,
                  "title":"11th CPLP Summit"
               },
               {
                  "ns":0,
                  "title":"12th CPLP Summit"
               },
               {
                  "ns":0,
                  "title":"1383–85 Crisis"
               },
               {
                  "ns":0,
                  "title":"1383–85 Portuguese interregnum"
               },
               {
                  "ns":0,
                  "title":"1755 Lisbon earthquake"
               },
               {
                  "ns":0,
                  "title":"1761 Lisbon earthquake"
               },
               {
                  "ns":0,
                  "title":"1890 British Ultimatum"
               },
               {
                  "ns":0,
                  "title":"1966 FIFA World Cup"
               },
               {
                  "ns":0,
                  "title":"1975 Portuguese Constituent Assembly election"
               },
               {
                  "ns":0,
                  "title":"1976 Portuguese legislative election"
               },
               {
                  "ns":0,
                  "title":"1989 FIFA World Youth Championship"
               },
               {
                  "ns":0,
                  "title":"1991 FIFA World Youth Championship"
               },
               {
                  "ns":0,
                  "title":"1st CPLP Summit"
               },
               {
                  "ns":0,
                  "title":"2001 Portuguese presidential election"
               },
               {
                  "ns":0,
                  "title":"2004 European Football Championship"
               },
               {
                  "ns":0,
                  "title":"2006 FIFA World Cup"
               },
               {
                  "ns":0,
                  "title":"2007 Rugby World Cup"
               },
               {
                  "ns":0,
                  "title":"2010–2014 Portuguese financial crisis"
               },
               {
                  "ns":0,
                  "title":"2013 Portuguese local election"
               },
               {
                  "ns":0,
                  "title":"2017 FIFA Confederations Cup"
               },
               {
                  "ns":0,
                  "title":"2018–19 UEFA Nations League"
               },
               {
                  "ns":0,
                  "title":"2019 UEFA Nations League Final"
               },
               {
                  "ns":0,
                  "title":"28 May 1926 coup d'état"
               },
               {
                  "ns":0,
                  "title":"2nd CPLP Summit"
               },
               {
                  "ns":0,
                  "title":"2nd Lancers Regiment (Portugal)"
               },
               {
                  "ns":0,
                  "title":"30th parallel north"
               },
               {
                  "ns":0,
                  "title":"32nd meridian west"
               },
               {
                  "ns":0,
                  "title":"3rd CPLP Summit"
               },
               {
                  "ns":0,
                  "title":"42nd parallel north"
               },
               {
                  "ns":0,
                  "title":"4th CPLP Summit"
               },
               {
                  "ns":0,
                  "title":"5 October 1910 revolution"
               },
               {
                  "ns":0,
                  "title":"5th CPLP Summit"
               },
               {
                  "ns":0,
                  "title":"6th CPLP Summit"
               },
               {
                  "ns":0,
                  "title":"6th meridian west"
               },
               {
                  "ns":0,
                  "title":"7th CPLP Summit"
               },
               {
                  "ns":0,
                  "title":"8th CPLP Summit"
               },
               {
                  "ns":0,
                  "title":"9th CPLP Summit"
               },
               {
                  "ns":0,
                  "title":"ACOLOP"
               },
               {
                  "ns":0,
                  "title":"ANA Aeroportos de Portugal"
               },
               {
                  "ns":0,
                  "title":"ANA – Aeroportos de Portugal"
               },
               {
                  "ns":0,
                  "title":"A Portuguesa"
               },
               {
                  "ns":0,
                  "title":"Abbadids"
               },
               {
                  "ns":0,
                  "title":"Abd-ar-Rahman I"
               },
               {
                  "ns":0,
                  "title":"Abel Salazar Biomedical Sciences Institute"
               },
               {
                  "ns":0,
                  "title":"Abkhazia"
               },
               {
                  "ns":0,
                  "title":"Abu-l-Qasim Ahmad ibn al-Husayn ibn Qasi"
               },
               {
                  "ns":0,
                  "title":"Abu Abed"
               },
               {
                  "ns":0,
                  "title":"Accession of Portugal to the European Union"
               },
               {
                  "ns":0,
                  "title":"Accra"
               },
               {
                  "ns":0,
                  "title":"Achondrostoma occidentale"
               },
               {
                  "ns":0,
                  "title":"Administrative divisions of Portugal"
               },
               {
                  "ns":0,
                  "title":"Adoration of the Magi (Sequeira)"
               },
               {
                  "ns":0,
                  "title":"Aeminium"
               },
               {
                  "ns":0,
                  "title":"Aeneid"
               },
               {
                  "ns":0,
                  "title":"Aerospace"
               },
               {
                  "ns":0,
                  "title":"Aerospace industry"
               },
               {
                  "ns":0,
                  "title":"Afonso Costa"
               },
               {
                  "ns":0,
                  "title":"Afonso Henriques"
               },
               {
                  "ns":0,
                  "title":"Afonso IV of Portugal"
               },
               {
                  "ns":0,
                  "title":"Afonso I of Portugal"
               },
               {
                  "ns":0,
                  "title":"Afonso VI of Portugal"
               },
               {
                  "ns":0,
                  "title":"Afonso de Albuquerque"
               },
               {
                  "ns":0,
                  "title":"African Traditional Religion"
               },
               {
                  "ns":0,
                  "title":"African diaspora"
               },
               {
                  "ns":0,
                  "title":"Aftasid Dynasty"
               },
               {
                  "ns":0,
                  "title":"Agadir"
               },
               {
                  "ns":0,
                  "title":"Age of Discovery"
               },
               {
                  "ns":0,
                  "title":"Ageing population"
               },
               {
                  "ns":0,
                  "title":"Agreement on Agriculture"
               },
               {
                  "ns":0,
                  "title":"Agreement on Government Procurement"
               },
               {
                  "ns":0,
                  "title":"Agreement on Technical Barriers to Trade"
               },
               {
                  "ns":0,
                  "title":"Agreement on Trade-Related Investment Measures"
               },
               {
                  "ns":0,
                  "title":"Agreement on the Application of Sanitary and Phytosanitary Measures"
               },
               {
                  "ns":0,
                  "title":"Agriculture"
               },
               {
                  "ns":0,
                  "title":"Agriculture in Portugal"
               },
               {
                  "ns":0,
                  "title":"Agrobusiness"
               },
               {
                  "ns":0,
                  "title":"Agualva-Cacém"
               },
               {
                  "ns":0,
                  "title":"Agustina Bessa-Luís"
               },
               {
                  "ns":0,
                  "title":"Aguçadoura Wave Farm"
               },
               {
                  "ns":0,
                  "title":"Airsoft"
               },
               {
                  "ns":0,
                  "title":"Akrotiri and Dhekelia"
               },
               {
                  "ns":0,
                  "title":"Al-Andalus"
               },
               {
                  "ns":0,
                  "title":"Al Badiyah"
               },
               {
                  "ns":0,
                  "title":"Alans"
               },
               {
                  "ns":0,
                  "title":"Albania"
               },
               {
                  "ns":0,
                  "title":"Albanian Armed Forces"
               },
               {
                  "ns":0,
                  "title":"Alcochete"
               },
               {
                  "ns":0,
                  "title":"Alcácer do Sal"
               },
               {
                  "ns":0,
                  "title":"Alejandro Jara"
               },
               {
                  "ns":0,
                  "title":"Alenquer Municipality, Portugal"
               },
               {
                  "ns":0,
                  "title":"Alentejo"
               },
               {
                  "ns":0,
                  "title":"Alentejo Central"
               },
               {
                  "ns":0,
                  "title":"Alentejo Litoral"
               },
               {
                  "ns":0,
                  "title":"Alentejo Region"
               },
               {
                  "ns":0,
                  "title":"Alentejo wine"
               },
               {
                  "ns":0,
                  "title":"Alfonso III of Asturias"
               },
               {
                  "ns":0,
                  "title":"Alfonso VII of León"
               },
               {
                  "ns":0,
                  "title":"Alfonso VI of León"
               },
               {
                  "ns":0,
                  "title":"Alfredo Luís da Costa"
               },
               {
                  "ns":0,
                  "title":"Algarve"
               },
               {
                  "ns":0,
                  "title":"Algarve Circuit"
               },
               {
                  "ns":0,
                  "title":"Algarve Cup"
               },
               {
                  "ns":0,
                  "title":"Allegorical representations of Argentina"
               },
               {
                  "ns":0,
                  "title":"Allegory of Hispania"
               },
               {
                  "ns":0,
                  "title":"Allied Air Command"
               },
               {
                  "ns":0,
                  "title":"Allied Command Operations"
               },
               {
                  "ns":0,
                  "title":"Allied Command Transformation"
               },
               {
                  "ns":0,
                  "title":"Allied Joint Force Command Brunssum"
               },
               {
                  "ns":0,
                  "title":"Allied Joint Force Command Lisbon"
               },
               {
                  "ns":0,
                  "title":"Allied Joint Force Command Naples"
               },
               {
                  "ns":0,
                  "title":"Allied Land Command"
               },
               {
                  "ns":0,
                  "title":"Allied Maritime Command"
               },
               {
                  "ns":0,
                  "title":"Allies of World War I"
               },
               {
                  "ns":0,
                  "title":"Almada"
               },
               {
                  "ns":0,
                  "title":"Almada Negreiros"
               },
               {
                  "ns":0,
                  "title":"Almeida Garrett"
               },
               {
                  "ns":0,
                  "title":"Almohads"
               },
               {
                  "ns":0,
                  "title":"Almoravids"
               },
               {
                  "ns":0,
                  "title":"Alpine states"
               },
               {
                  "ns":0,
                  "title":"Altice Arena"
               },
               {
                  "ns":0,
                  "title":"Alto Alentejo (intermunicipal community)"
               },
               {
                  "ns":0,
                  "title":"Alto Minho"
               },
               {
                  "ns":0,
                  "title":"Alto Tâmega"
               },
               {
                  "ns":0,
                  "title":"Aluminium"
               },
               {
                  "ns":0,
                  "title":"Alverca"
               },
               {
                  "ns":0,
                  "title":"Amadeo de Souza-Cardoso"
               },
               {
                  "ns":0,
                  "title":"Amadora"
               },
               {
                  "ns":0,
                  "title":"Amapá"
               },
               {
                  "ns":0,
                  "title":"Amar pelos dois"
               },
               {
                  "ns":0,
                  "title":"Amareleja"
               },
               {
                  "ns":0,
                  "title":"Amaterasu"
               },
               {
                  "ns":0,
                  "title":"Ambon Island"
               },
               {
                  "ns":0,
                  "title":"Americas"
               },
               {
                  "ns":0,
                  "title":"Amália Rodrigues"
               },
               {
                  "ns":0,
                  "title":"Ancient Greek"
               },
               {
                  "ns":0,
                  "title":"Ancient Rome"
               },
               {
                  "ns":0,
                  "title":"Ancient history"
               },
               {
                  "ns":0,
                  "title":"Andeca"
               },
               {
                  "ns":0,
                  "title":"Andorra"
               },
               {
                  "ns":0,
                  "title":"Anglo-Portuguese Alliance"
               },
               {
                  "ns":0,
                  "title":"Angola"
               },
               {
                  "ns":0,
                  "title":"Angola (Portugal)"
               },
               {
                  "ns":0,
                  "title":"Annexation of Goa"
               },
               {
                  "ns":0,
                  "title":"Annobón"
               },
               {
                  "ns":0,
                  "title":"Anosy"
               },
               {
                  "ns":0,
                  "title":"Antero de Quental"
               },
               {
                  "ns":0,
                  "title":"António-Pedro Vasconcelos"
               },
               {
                  "ns":0,
                  "title":"António Chainho"
               },
               {
                  "ns":0,
                  "title":"António Costa"
               },
               {
                  "ns":0,
                  "title":"António Félix da Costa"
               },
               {
                  "ns":0,
                  "title":"António Guterres"
               },
               {
                  "ns":0,
                  "title":"António José de Almeida"
               },
               {
                  "ns":0,
                  "title":"António Lobo Antunes"
               },
               {
                  "ns":0,
                  "title":"António Lopes Ribeiro"
               },
               {
                  "ns":0,
                  "title":"António Reis"
               },
               {
                  "ns":0,
                  "title":"António de Almeida Santos"
               },
               {
                  "ns":0,
                  "title":"António de Oliveira Salazar"
               },
               {
                  "ns":0,
                  "title":"Apollonias barbujana"
               },
               {
                  "ns":0,
                  "title":"Appellate Body"
               },
               {
                  "ns":0,
                  "title":"Appellation"
               },
               {
                  "ns":0,
                  "title":"Aquae Flaviae"
               },
               {
                  "ns":0,
                  "title":"Aquarium"
               },
               {
                  "ns":0,
                  "title":"Arbutus unedo"
               },
               {
                  "ns":0,
                  "title":"Archipelago"
               },
               {
                  "ns":0,
                  "title":"Architecture of Portugal"
               },
               {
                  "ns":0,
                  "title":"Argentina"
               },
               {
                  "ns":0,
                  "title":"Arguin"
               },
               {
                  "ns":0,
                  "title":"Arianism"
               },
               {
                  "ns":0,
                  "title":"Armed Forces of Croatia"
               },
               {
                  "ns":0,
                  "title":"Armed Forces of Montenegro"
               },
               {
                  "ns":0,
                  "title":"Armenia"
               },
               {
                  "ns":0,
                  "title":"Armorial of Portuguese colonies"
               },
               {
                  "ns":0,
                  "title":"Armoured personnel carrier"
               },
               {
                  "ns":0,
                  "title":"Army of North Macedonia"
               },
               {
                  "ns":0,
                  "title":"Army of the Czech Republic"
               },
               {
                  "ns":0,
                  "title":"Artisanal fishing"
               },
               {
                  "ns":0,
                  "title":"Artur Pizarro"
               },
               {
                  "ns":0,
                  "title":"Asilah"
               },
               {
                  "ns":0,
                  "title":"Assembly of the Republic (Portugal)"
               },
               {
                  "ns":0,
                  "title":"Association football"
               },
               {
                  "ns":0,
                  "title":"Astur-Leonese"
               },
               {
                  "ns":0,
                  "title":"Athletics (sport)"
               },
               {
                  "ns":0,
                  "title":"Atlantic"
               },
               {
                  "ns":0,
                  "title":"Atlantic Europe"
               },
               {
                  "ns":0,
                  "title":"Atlantic Treaty Association"
               },
               {
                  "ns":0,
                  "title":"Atlantic cod"
               },
               {
                  "ns":0,
                  "title":"Atlas mountains"
               },
               {
                  "ns":0,
                  "title":"Austria"
               },
               {
                  "ns":0,
                  "title":"AutoEuropa"
               },
               {
                  "ns":0,
                  "title":"Automotive industry"
               },
               {
                  "ns":0,
                  "title":"Autonomous administrative division"
               },
               {
                  "ns":0,
                  "title":"Autonomous area"
               },
               {
                  "ns":0,
                  "title":"Autonomous regions of Portugal"
               },
               {
                  "ns":0,
                  "title":"Ave (intermunicipal community)"
               },
               {
                  "ns":0,
                  "title":"Aveiro, Portugal"
               },
               {
                  "ns":0,
                  "title":"Aveiro District"
               },
               {
                  "ns":0,
                  "title":"Avenida da Liberdade"
               },
               {
                  "ns":0,
                  "title":"Azemmour"
               },
               {
                  "ns":0,
                  "title":"Azerbaijan"
               },
               {
                  "ns":0,
                  "title":"Azerbaijan in the Council of Europe"
               },
               {
                  "ns":0,
                  "title":"Azores"
               },
               {
                  "ns":0,
                  "title":"Azores bullfinch"
               },
               {
                  "ns":0,
                  "title":"Azores temperate mixed forests"
               },
               {
                  "ns":0,
                  "title":"BBC News"
               },
               {
                  "ns":0,
                  "title":"BRISA Auto-estradas de Portugal S.A."
               },
               {
                  "ns":0,
                  "title":"BWh"
               },
               {
                  "ns":0,
                  "title":"Bacalhau"
               },
               {
                  "ns":0,
                  "title":"Bagpipes"
               },
               {
                  "ns":0,
                  "title":"Bahrain"
               },
               {
                  "ns":0,
                  "title":"Baháʼí Faith"
               },
               {
                  "ns":0,
                  "title":"Bailiwick of Guernsey"
               },
               {
                  "ns":0,
                  "title":"Baixo Alentejo (intermunicipal community)"
               },
               {
                  "ns":0,
                  "title":"Bali Package"
               },
               {
                  "ns":0,
                  "title":"Banco Português de Negócios"
               },
               {
                  "ns":0,
                  "title":"Banco Privado Português"
               },
               {
                  "ns":0,
                  "title":"Banco de Portugal"
               },
               {
                  "ns":0,
                  "title":"Bandar Abbas"
               },
               {
                  "ns":0,
                  "title":"Bangamata"
               },
               {
                  "ns":0,
                  "title":"Bangladesh"
               },
               {
                  "ns":0,
                  "title":"Bankrupt"
               },
               {
                  "ns":0,
                  "title":"Barcelos, Portugal"
               },
               {
                  "ns":0,
                  "title":"Barka, Oman"
               },
               {
                  "ns":0,
                  "title":"Barley"
               },
               {
                  "ns":0,
                  "title":"Barrancos"
               },
               {
                  "ns":0,
                  "title":"Barranquenho"
               },
               {
                  "ns":0,
                  "title":"Barreiro, Portugal"
               },
               {
                  "ns":0,
                  "title":"Basketball"
               },
               {
                  "ns":0,
                  "title":"Batalha Monastery"
               },
               {
                  "ns":0,
                  "title":"Bats"
               },
               {
                  "ns":0,
                  "title":"Battle of Alcácer Quibir"
               },
               {
                  "ns":0,
                  "title":"Battle of Aljubarrota"
               },
               {
                  "ns":0,
                  "title":"Battle of Covadonga"
               },
               {
                  "ns":0,
                  "title":"Battle of Ourique"
               },
               {
                  "ns":0,
                  "title":"Battle of Sagrajas"
               },
               {
                  "ns":0,
                  "title":"Battle of São Mamede"
               },
               {
                  "ns":0,
                  "title":"Bay of Biscay"
               },
               {
                  "ns":0,
                  "title":"Beatrice of Portugal"
               },
               {
                  "ns":0,
                  "title":"Beef"
               },
               {
                  "ns":0,
                  "title":"Beira, Mozambique"
               },
               {
                  "ns":0,
                  "title":"Beira (Portugal)"
               },
               {
                  "ns":0,
                  "title":"Beira Baixa (intermunicipal community)"
               },
               {
                  "ns":0,
                  "title":"Beira railway"
               },
               {
                  "ns":0,
                  "title":"Beiras e Serra da Estrela"
               },
               {
                  "ns":0,
                  "title":"Beja (Portugal)"
               },
               {
                  "ns":0,
                  "title":"Beja District"
               },
               {
                  "ns":0,
                  "title":"Belarus"
               },
               {
                  "ns":0,
                  "title":"Belgian Armed Forces"
               },
               {
                  "ns":0,
                  "title":"Belgium"
               },
               {
                  "ns":0,
                  "title":"Belém Cultural Centre"
               },
               {
                  "ns":0,
                  "title":"Belém Palace"
               },
               {
                  "ns":0,
                  "title":"Belém Tower"
               },
               {
                  "ns":0,
                  "title":"Benguela"
               },
               {
                  "ns":0,
                  "title":"Benguela railway"
               },
               {
                  "ns":0,
                  "title":"Berbers"
               },
               {
                  "ns":0,
                  "title":"Berlengas"
               },
               {
                  "ns":0,
                  "title":"Berlin Conference (1884)"
               },
               {
                  "ns":0,
                  "title":"Bernardino Machado"
               },
               {
                  "ns":0,
                  "title":"Bharat Mata"
               },
               {
                  "ns":0,
                  "title":"Bibcode (identifier)"
               },
               {
                  "ns":0,
                  "title":"Bibliography of Portugal"
               },
               {
                  "ns":0,
                  "title":"Bicycle"
               },
               {
                  "ns":0,
                  "title":"Big Three (Portugal)"
               },
               {
                  "ns":0,
                  "title":"Bilberry"
               },
               {
                  "ns":0,
                  "title":"Billy Yank"
               },
               {
                  "ns":0,
                  "title":"Biocant"
               },
               {
                  "ns":0,
                  "title":"Biodiversity of Portugal"
               },
               {
                  "ns":0,
                  "title":"Bioko"
               },
               {
                  "ns":0,
                  "title":"Biosciences"
               },
               {
                  "ns":0,
                  "title":"Biotechnology"
               },
               {
                  "ns":0,
                  "title":"Bissau"
               },
               {
                  "ns":0,
                  "title":"Black Death"
               },
               {
                  "ns":0,
                  "title":"Black stork"
               },
               {
                  "ns":0,
                  "title":"Blasted Mechanism"
               },
               {
                  "ns":0,
                  "title":"Blue whiting"
               },
               {
                  "ns":0,
                  "title":"Boavista (cycling team)"
               },
               {
                  "ns":0,
                  "title":"Boccia"
               },
               {
                  "ns":0,
                  "title":"Bologna process"
               },
               {
                  "ns":0,
                  "title":"Bonelli's eagle"
               },
               {
                  "ns":0,
                  "title":"Boom Festival"
               },
               {
                  "ns":0,
                  "title":"Bosnia and Herzegovina"
               },
               {
                  "ns":0,
                  "title":"Bracara Augusta"
               },
               {
                  "ns":0,
                  "title":"Bracari"
               },
               {
                  "ns":0,
                  "title":"Braga"
               },
               {
                  "ns":0,
                  "title":"Braga District"
               },
               {
                  "ns":0,
                  "title":"Bragança, Portugal"
               },
               {
                  "ns":0,
                  "title":"Bragança District"
               },
               {
                  "ns":0,
                  "title":"Brazil"
               },
               {
                  "ns":0,
                  "title":"Brazilian science and technology"
               },
               {
                  "ns":0,
                  "title":"Brazilians"
               },
               {
                  "ns":0,
                  "title":"Britannia"
               },
               {
                  "ns":0,
                  "title":"British Armed Forces"
               },
               {
                  "ns":0,
                  "title":"British Overseas Territories"
               },
               {
                  "ns":0,
                  "title":"Brittonic languages"
               },
               {
                  "ns":0,
                  "title":"Brother Jonathan"
               },
               {
                  "ns":0,
                  "title":"Buddhism"
               },
               {
                  "ns":0,
                  "title":"Bulgaria"
               },
               {
                  "ns":0,
                  "title":"Bulgarian Armed Forces"
               },
               {
                  "ns":0,
                  "title":"Bundeswehr"
               },
               {
                  "ns":0,
                  "title":"Buraka Som Sistema"
               },
               {
                  "ns":0,
                  "title":"Buri (Germanic tribe)"
               },
               {
                  "ns":0,
                  "title":"Buri tribe"
               },
               {
                  "ns":0,
                  "title":"CDS – People's Party"
               },
               {
                  "ns":0,
                  "title":"CPLP Games"
               },
               {
                  "ns":0,
                  "title":"CTT Correios de Portugal, S.A."
               },
               {
                  "ns":0,
                  "title":"Cabinda Province"
               },
               {
                  "ns":0,
                  "title":"Cabinet (government)"
               },
               {
                  "ns":0,
                  "title":"Cabo da Roca"
               },
               {
                  "ns":0,
                  "title":"Cacheu"
               },
               {
                  "ns":0,
                  "title":"Cailleach"
               },
               {
                  "ns":0,
                  "title":"Caixa Geral de Depósitos"
               },
               {
                  "ns":0,
                  "title":"Calais"
               },
               {
                  "ns":0,
                  "title":"Caldeirada"
               },
               {
                  "ns":0,
                  "title":"Caliphate of Córdoba"
               },
               {
                  "ns":0,
                  "title":"Callaeci"
               },
               {
                  "ns":0,
                  "title":"Calouste Gulbenkian Foundation"
               },
               {
                  "ns":0,
                  "title":"Calvary (sculpture)"
               },
               {
                  "ns":0,
                  "title":"Camilo Castelo Branco"
               },
               {
                  "ns":0,
                  "title":"Caminha"
               },
               {
                  "ns":0,
                  "title":"Canada"
               },
               {
                  "ns":0,
                  "title":"Canadian Armed Forces"
               },
               {
                  "ns":0,
                  "title":"Canary Islands"
               },
               {
                  "ns":0,
                  "title":"Cannabis"
               },
               {
                  "ns":0,
                  "title":"Canoeing"
               },
               {
                  "ns":0,
                  "title":"Cantabrian Mountains"
               },
               {
                  "ns":0,
                  "title":"Cantabrian mixed forests"
               },
               {
                  "ns":0,
                  "title":"Cantanhede Municipality"
               },
               {
                  "ns":0,
                  "title":"Cantonese"
               },
               {
                  "ns":0,
                  "title":"Cape Verde"
               },
               {
                  "ns":0,
                  "title":"Cape of Good Hope"
               },
               {
                  "ns":0,
                  "title":"Cape to Cairo Railway"
               },
               {
                  "ns":0,
                  "title":"Capelinhos"
               },
               {
                  "ns":0,
                  "title":"Capital city"
               },
               {
                  "ns":0,
                  "title":"Capital punishment in Portugal"
               },
               {
                  "ns":0,
                  "title":"Captaincy Colonies of Brazil"
               },
               {
                  "ns":0,
                  "title":"Cardinal (Catholic Church)"
               },
               {
                  "ns":0,
                  "title":"Cardiovascular diseases"
               },
               {
                  "ns":0,
                  "title":"Carlos Botelho"
               },
               {
                  "ns":0,
                  "title":"Carlos I of Portugal"
               },
               {
                  "ns":0,
                  "title":"Carlos Paredes"
               },
               {
                  "ns":0,
                  "title":"Carlos Seixas"
               },
               {
                  "ns":0,
                  "title":"Carlos do Carmo"
               },
               {
                  "ns":0,
                  "title":"Carnation Revolution"
               },
               {
                  "ns":0,
                  "title":"Carne de porco à alentejana"
               },
               {
                  "ns":0,
                  "title":"Carob"
               },
               {
                  "ns":0,
                  "title":"Carris"
               },
               {
                  "ns":0,
                  "title":"Carthaginians"
               },
               {
                  "ns":0,
                  "title":"Casa da Música"
               },
               {
                  "ns":0,
                  "title":"Cascais"
               },
               {
                  "ns":0,
                  "title":"Castelo Branco District"
               },
               {
                  "ns":0,
                  "title":"Castle of Mértola"
               },
               {
                  "ns":0,
                  "title":"Castro Culture"
               },
               {
                  "ns":0,
                  "title":"Castro Marim and Vila Real de Santo António Marsh Natural Reserve"
               },
               {
                  "ns":0,
                  "title":"Castro culture"
               },
               {
                  "ns":0,
                  "title":"Catherine Flon"
               },
               {
                  "ns":0,
                  "title":"Catholic Church"
               },
               {
                  "ns":0,
                  "title":"Catholic Church in Portugal"
               },
               {
                  "ns":0,
                  "title":"Cavaquinho"
               },
               {
                  "ns":0,
                  "title":"Celtici"
               },
               {
                  "ns":0,
                  "title":"Celts"
               },
               {
                  "ns":0,
                  "title":"Cement"
               },
               {
                  "ns":0,
                  "title":"Central African Republic"
               },
               {
                  "ns":0,
                  "title":"Central Europe"
               },
               {
                  "ns":0,
                  "title":"Central Intelligence Agency"
               },
               {
                  "ns":0,
                  "title":"Central Powers"
               },
               {
                  "ns":0,
                  "title":"Centre for Neuroscience and Cell Biology"
               },
               {
                  "ns":0,
                  "title":"Centro, Portugal"
               },
               {
                  "ns":0,
                  "title":"Centro Region"
               },
               {
                  "ns":0,
                  "title":"Centro Region, Portugal"
               },
               {
                  "ns":0,
                  "title":"Centum Cellas"
               },
               {
                  "ns":0,
                  "title":"Cephalopod"
               },
               {
                  "ns":0,
                  "title":"Cerebral angiography"
               },
               {
                  "ns":0,
                  "title":"Cerebrovascular disease"
               },
               {
                  "ns":0,
                  "title":"Cetacean"
               },
               {
                  "ns":0,
                  "title":"Ceuta"
               },
               {
                  "ns":0,
                  "title":"Chair of the NATO Military Committee"
               },
               {
                  "ns":0,
                  "title":"Chaliyam"
               },
               {
                  "ns":0,
                  "title":"Champalimaud Foundation"
               },
               {
                  "ns":0,
                  "title":"Chanfana"
               },
               {
                  "ns":0,
                  "title":"Chariot racing"
               },
               {
                  "ns":0,
                  "title":"Chaul"
               },
               {
                  "ns":0,
                  "title":"Chemical industry"
               },
               {
                  "ns":0,
                  "title":"Cherry"
               },
               {
                  "ns":0,
                  "title":"Chestnut"
               },
               {
                  "ns":0,
                  "title":"Chile"
               },
               {
                  "ns":0,
                  "title":"China"
               },
               {
                  "ns":0,
                  "title":"Chinese Taipei"
               },
               {
                  "ns":0,
                  "title":"Chinese dragon"
               },
               {
                  "ns":0,
                  "title":"Chinese people"
               },
               {
                  "ns":0,
                  "title":"Cholera"
               },
               {
                  "ns":0,
                  "title":"Christian monasticism"
               },
               {
                  "ns":0,
                  "title":"Christianity"
               },
               {
                  "ns":0,
                  "title":"Christianization"
               },
               {
                  "ns":0,
                  "title":"Christopher Columbus"
               },
               {
                  "ns":0,
                  "title":"Cinema of Portugal"
               },
               {
                  "ns":0,
                  "title":"Cinnamon"
               },
               {
                  "ns":0,
                  "title":"Circular migration"
               },
               {
                  "ns":0,
                  "title":"Circumnavigation"
               },
               {
                  "ns":0,
                  "title":"Cisplatina"
               },
               {
                  "ns":0,
                  "title":"Citrus"
               },
               {
                  "ns":0,
                  "title":"Citânia de Briteiros"
               },
               {
                  "ns":0,
                  "title":"Cividade de Terroso"
               },
               {
                  "ns":0,
                  "title":"Classification of Built Heritage in Portugal"
               },
               {
                  "ns":0,
                  "title":"Climate of Portugal"
               },
               {
                  "ns":0,
                  "title":"Closed list"
               },
               {
                  "ns":0,
                  "title":"Clube de Ciclismo de Tavira"
               },
               {
                  "ns":0,
                  "title":"Coat of arms of Portugal"
               },
               {
                  "ns":0,
                  "title":"Cocaine"
               },
               {
                  "ns":0,
                  "title":"Cod"
               },
               {
                  "ns":0,
                  "title":"Coelerni"
               },
               {
                  "ns":0,
                  "title":"Coimbra"
               },
               {
                  "ns":0,
                  "title":"Coimbra District"
               },
               {
                  "ns":0,
                  "title":"Coimbra fado"
               },
               {
                  "ns":0,
                  "title":"Coimbra iParque"
               },
               {
                  "ns":0,
                  "title":"Coloane"
               },
               {
                  "ns":0,
                  "title":"Colonia del Sacramento"
               },
               {
                  "ns":0,
                  "title":"Colonial Brazil"
               },
               {
                  "ns":0,
                  "title":"Colonialism"
               },
               {
                  "ns":0,
                  "title":"Colonies"
               },
               {
                  "ns":0,
                  "title":"Colonization"
               },
               {
                  "ns":0,
                  "title":"Columbano Bordalo Pinheiro"
               },
               {
                  "ns":0,
                  "title":"Columbia (personification)"
               },
               {
                  "ns":0,
                  "title":"Comboios de Portugal"
               },
               {
                  "ns":0,
                  "title":"Commissioner for Human Rights"
               },
               {
                  "ns":0,
                  "title":"Committee of Ministers of the Council of Europe"
               },
               {
                  "ns":0,
                  "title":"Common Era"
               },
               {
                  "ns":0,
                  "title":"Common genet"
               },
               {
                  "ns":0,
                  "title":"Communist state"
               },
               {
                  "ns":0,
                  "title":"Community of Portuguese Language Countries"
               },
               {
                  "ns":0,
                  "title":"Companhia das Lezírias"
               },
               {
                  "ns":0,
                  "title":"Comporta"
               },
               {
                  "ns":0,
                  "title":"Concelhos"
               },
               {
                  "ns":0,
                  "title":"Confederate States of America"
               },
               {
                  "ns":0,
                  "title":"Confidence and supply"
               },
               {
                  "ns":0,
                  "title":"Congress of Vienna"
               },
               {
                  "ns":0,
                  "title":"Congress of the Council of Europe"
               },
               {
                  "ns":0,
                  "title":"Conii"
               },
               {
                  "ns":0,
                  "title":"Conservas Ramirez"
               },
               {
                  "ns":0,
                  "title":"Constitution of Portugal"
               },
               {
                  "ns":0,
                  "title":"Constitutional Court of Portugal"
               },
               {
                  "ns":0,
                  "title":"Construction"
               },
               {
                  "ns":0,
                  "title":"Consumption (economics)"
               },
               {
                  "ns":0,
                  "title":"Continental Portugal"
               },
               {
                  "ns":0,
                  "title":"Conímbriga"
               },
               {
                  "ns":0,
                  "title":"Coordinated Universal Time"
               },
               {
                  "ns":0,
                  "title":"Copper"
               },
               {
                  "ns":0,
                  "title":"Coriander"
               },
               {
                  "ns":0,
                  "title":"Cork (material)"
               },
               {
                  "ns":0,
                  "title":"Cork oak"
               },
               {
                  "ns":0,
                  "title":"Cornish language"
               },
               {
                  "ns":0,
                  "title":"Corvo Island"
               },
               {
                  "ns":0,
                  "title":"Cossack Mamay"
               },
               {
                  "ns":0,
                  "title":"Council of Europe"
               },
               {
                  "ns":0,
                  "title":"Council of Europe–European Union relations"
               },
               {
                  "ns":0,
                  "title":"Council of Ministers (Portugal)"
               },
               {
                  "ns":0,
                  "title":"Count of Portugal"
               },
               {
                  "ns":0,
                  "title":"Countries of the United Kingdom"
               },
               {
                  "ns":0,
                  "title":"Country code top-level domain"
               },
               {
                  "ns":0,
                  "title":"County"
               },
               {
                  "ns":0,
                  "title":"County of Portugal"
               },
               {
                  "ns":0,
                  "title":"Coup"
               },
               {
                  "ns":0,
                  "title":"Courts"
               },
               {
                  "ns":0,
                  "title":"Covilhã"
               },
               {
                  "ns":0,
                  "title":"Cozido à portuguesa"
               },
               {
                  "ns":0,
                  "title":"Credit (finance)"
               },
               {
                  "ns":0,
                  "title":"Crested myna"
               },
               {
                  "ns":0,
                  "title":"Crime in Portugal"
               },
               {
                  "ns":0,
                  "title":"Cristiano Ronaldo"
               },
               {
                  "ns":0,
                  "title":"Criticism of the World Trade Organization"
               },
               {
                  "ns":0,
                  "title":"Croatia"
               },
               {
                  "ns":0,
                  "title":"Crown Dependencies"
               },
               {
                  "ns":0,
                  "title":"Cryptomeria japonica"
               },
               {
                  "ns":0,
                  "title":"Cubist"
               },
               {
                  "ns":0,
                  "title":"Culture of Portugal"
               },
               {
                  "ns":0,
                  "title":"Curlie"
               },
               {
                  "ns":0,
                  "title":"Cynetes"
               },
               {
                  "ns":0,
                  "title":"Cyprus"
               },
               {
                  "ns":0,
                  "title":"Czech Republic"
               },
               {
                  "ns":0,
                  "title":"Czech Vašek"
               },
               {
                  "ns":0,
                  "title":"Czechoslovakia"
               },
               {
                  "ns":0,
                  "title":"Cávado (intermunicipal community)"
               },
               {
                  "ns":0,
                  "title":"Cávado River"
               },
               {
                  "ns":0,
                  "title":"Dadra and Nagar Haveli"
               },
               {
                  "ns":0,
                  "title":"Dahomey"
               },
               {
                  "ns":0,
                  "title":"Dairy products"
               },
               {
                  "ns":0,
                  "title":"Daman and Diu"
               },
               {
                  "ns":0,
                  "title":"Damascus"
               },
               {
                  "ns":0,
                  "title":"Dangun"
               },
               {
                  "ns":0,
                  "title":"Daniela Ruah"
               },
               {
                  "ns":0,
                  "title":"Danish Defence"
               },
               {
                  "ns":0,
                  "title":"David Carreira"
               },
               {
                  "ns":0,
                  "title":"Daylight saving time"
               },
               {
                  "ns":0,
                  "title":"De correctione rusticorum"
               },
               {
                  "ns":0,
                  "title":"Decolonization"
               },
               {
                  "ns":0,
                  "title":"Democracy"
               },
               {
                  "ns":0,
                  "title":"Democratic and Social Centre – People's Party"
               },
               {
                  "ns":0,
                  "title":"Demographics of Portugal"
               },
               {
                  "ns":0,
                  "title":"Demonym"
               },
               {
                  "ns":0,
                  "title":"Denis I of Portugal"
               }
            ]
         }
      }
   },
   "limits":{
      "links":500
   }
}